<?xml version="1.0" encoding="UTF-8"?>
<TestRun id="586077ef-09be-4d36-adb9-8e6c72a21f0d" name="henrylle@HENRYLLE-NOTE 2011-10-16 15:49:42" runUser="HENRYLLE-NOTE\henrylle" xmlns="http://microsoft.com/schemas/VisualStudio/TeamTest/2010">
  <TestSettings name="Local" id="b5346511-970b-46cd-9146-3995b58ca20c">
    <Description>These are default test settings for a local test run.</Description>
    <Deployment enabled="false" runDeploymentRoot="henrylle_HENRYLLE-NOTE 2011-10-16 15_49_42">
      <DeploymentItem filename="D:\My Dropbox\TRABALHO\Devmedia\Fontes\Sistema de Classificados\Fontes Devmedia\VS 2010\Classificados\Classificados.Dominio\bin\Debug\Classificados.Dominio.dll" />
      <DeploymentItem filename="D:\My Dropbox\TRABALHO\Devmedia\Fontes\Sistema de Classificados\Fontes Devmedia\VS 2010\Classificados\Classificados.Persistencia\bin\Debug\Classificados.Persistencia.dll" />
    </Deployment>
    <Execution>
      <TestTypeSpecific />
      <AgentRule name="Execution Agents">
      </AgentRule>
    </Execution>
  </TestSettings>
  <Times creation="2011-10-16T15:49:42.0948597-03:00" queuing="2011-10-16T15:49:44.3089863-03:00" start="2011-10-16T15:49:44.5019974-03:00" finish="2011-10-16T15:49:52.0854311-03:00" />
  <ResultSummary outcome="Completed">
    <Counters total="1" executed="1" passed="1" error="0" failed="0" timeout="0" aborted="0" inconclusive="0" passedButRunAborted="0" notRunnable="0" notExecuted="0" disconnected="0" warning="0" completed="0" inProgress="0" pending="0" />
  </ResultSummary>
  <TestDefinitions>
    <UnitTest name="inserirSecoesTest" storage="d:\my dropbox\trabalho\devmedia\fontes\sistema de classificados\fontes devmedia\vs 2010\classificados\classificados.teste\bin\debug\classificados.teste.dll" id="e66e73bb-a6e5-0e3c-2004-0d70e0b317a5">
      <Execution id="a81b5da2-fd5a-4c65-b25b-dadd69a78e78" />
      <TestMethod codeBase="D:/My Dropbox/TRABALHO/Devmedia/Fontes/Sistema de Classificados/Fontes Devmedia/VS 2010/Classificados/Classificados.Teste/bin/Debug/Classificados.Teste.DLL" adapterTypeName="Microsoft.VisualStudio.TestTools.TestTypes.Unit.UnitTestAdapter, Microsoft.VisualStudio.QualityTools.Tips.UnitTest.Adapter, Version=10.0.0.0, Culture=neutral, PublicKeyToken=b03f5f7f11d50a3a" className="Classificados.Teste.SecoesTest, Classificados.Teste, Version=1.0.0.0, Culture=neutral, PublicKeyToken=null" name="inserirSecoesTest" />
    </UnitTest>
  </TestDefinitions>
  <TestLists>
    <TestList name="Results Not in a List" id="8c84fa94-04c1-424b-9868-57a2d4851a1d" />
    <TestList name="All Loaded Results" id="19431567-8539-422a-85d7-44ee4e166bda" />
  </TestLists>
  <TestEntries>
    <TestEntry testId="e66e73bb-a6e5-0e3c-2004-0d70e0b317a5" executionId="a81b5da2-fd5a-4c65-b25b-dadd69a78e78" testListId="8c84fa94-04c1-424b-9868-57a2d4851a1d" />
  </TestEntries>
  <Results>
    <UnitTestResult executionId="a81b5da2-fd5a-4c65-b25b-dadd69a78e78" testId="e66e73bb-a6e5-0e3c-2004-0d70e0b317a5" testName="inserirSecoesTest" computerName="HENRYLLE-NOTE" duration="00:00:03.4475677" startTime="2011-10-16T15:49:44.7850135-03:00" endTime="2011-10-16T15:49:50.2263248-03:00" testType="13cdc9d9-ddb5-4fa4-a97d-d965ccfc6d4b" outcome="Passed" testListId="8c84fa94-04c1-424b-9868-57a2d4851a1d" relativeResultsDirectory="a81b5da2-fd5a-4c65-b25b-dadd69a78e78">
    </UnitTestResult>
  </Results>
</TestRun>